== git status ==
 M README.md
?? LOGS/
?? eslint.config.js
?? package.json
?? src/
?? tests/
== npm install ==

added 226 packages, and audited 227 packages in 34s

57 packages are looking for funding
  run `npm fund` for details

1 low severity vulnerability

To address all issues, run:
  npm audit fix

Run `npm audit` for details.
== npm test ==

> hermes-ai-flow-poc@1.0.0 test
> vitest run


 RUN  v3.2.6 /root/.hermes/projects/hermes-ai-flow-poc


⎯⎯⎯⎯⎯⎯ Failed Suites 1 ⎯⎯⎯⎯⎯⎯⎯

 FAIL  tests/app.test.js [ tests/app.test.js ]
Error: Vitest cannot be imported in a CommonJS module using require(). Please use "import" instead.

If you are using "import" in your source code, then it's possible it was bundled into require() automatically by your bundler. In that case, do not bundle CommonJS output since it will never work with Vitest, or use dynamic import() which is available in all CommonJS modules.
 ❯ Object.<anonymous> node_modules/vitest/index.cjs:1:7
 ❯ tests/app.test.js:2:34
      1| const request = require('supertest');
      2| const { describe, it, expect } = require('vitest');
       |                                  ^
      3| const { createApp, todos } = require('../src/app');
      4| 

⎯⎯⎯⎯⎯⎯⎯⎯⎯⎯⎯⎯⎯⎯⎯⎯⎯⎯⎯⎯⎯⎯⎯⎯[1/1]⎯


 Test Files  1 failed (1)
      Tests  no tests
   Start at  19:01:32
   Duration  806ms (transform 71ms, setup 0ms, collect 0ms, tests 0ms, environment 0ms, prepare 149ms)

== endpoint validation ==
/health 200 {'status': 'ok'}
/api/todos 200 {'todos': [{'id': 1, 'title': 'Review project requirements', 'completed': True}, {'id': 2, 'title': 'Implement minimal Express app', 'completed': True}, {'id': 3, 'title': 'Validate endpoints with tests', 'completed': False}]}
endpoint checks passed
== npm test ==

> hermes-ai-flow-poc@1.0.0 test
> vitest run


 RUN  v3.2.6 /root/.hermes/projects/hermes-ai-flow-poc

 ✓ tests/app.test.js (2 tests) 57ms

 Test Files  1 passed (1)
      Tests  2 passed (2)
   Start at  19:02:24
   Duration  2.17s (transform 87ms, setup 0ms, collect 1.15s, tests 57ms, environment 1ms, prepare 375ms)

== npm run lint ==

> hermes-ai-flow-poc@1.0.0 lint
> eslint src tests


__HERMES_CWD_8e9089d197c8__/root/.hermes/projects/hermes-ai-flow-poc__HERMES_CWD_8e9089d197c8__
